This file contains any messages produced by compilers while
running configure, to aid debugging if configure makes a mistake.

It was created by configure, which was
generated by GNU Autoconf 2.65.  Invocation command line was

  $ ./configure --disable-option-checking --prefix=/usr/local --enable-ltdl-convenience CFLAGS=-g -O2 -fPIC  -I/usr/include/libxml2 -I$(top_srcdir)/iomedley -I${top_srcdir}/libltdl -I$(top_srcdir)/vicar --cache-file=/dev/null --srcdir=.

## --------- ##
## Platform. ##
## --------- ##

hostname = seahorse
uname -m = x86_64
uname -r = 2.6.32-573.22.1.el6.x86_64
uname -s = Linux
uname -v = #1 SMP Wed Mar 23 03:35:39 UTC 2016

/usr/bin/uname -p = unknown
/bin/uname -X     = unknown

/bin/arch              = x86_64
/usr/bin/arch -k       = unknown
/usr/convex/getsysinfo = unknown
/usr/bin/hostinfo      = unknown
/bin/machine           = unknown
/usr/bin/oslevel       = unknown
/bin/universe          = unknown

PATH: /mars/u/rswinkle/junest/bin
PATH: /mars/common/isis3/x86_64_Linux/isis/bin
PATH: /mars/u/rswinkle/junest/bin
PATH: /mars/common/isis3/x86_64_Linux/isis/bin
PATH: /usr/lib64/qt-3.3/bin
PATH: /usr/local/bin
PATH: /usr/bin
PATH: /bin
PATH: /usr/local/sbin
PATH: /usr/sbin
PATH: /sbin
PATH: /mars/common/davinci/bin/
PATH: /opt/eclipse
PATH: /mars/common/bin
PATH: /tes/bin/
PATH: /themis/bin/
PATH: /mars/common/isis3/x86_64_Linux/isis/bin
PATH: /mars/u/rswinkle/bin
PATH: /mars/common/davinci/bin/
PATH: /opt/eclipse
PATH: /mars/common/bin
PATH: /tes/bin/
PATH: /themis/bin/
PATH: /mars/common/isis3/x86_64_Linux/isis/bin


## ----------- ##
## Core tests. ##
## ----------- ##

configure:2112: checking for gcc
configure:2128: found /usr/bin/gcc
configure:2139: result: gcc
configure:2368: checking for C compiler version
configure:2377: gcc --version >&5
gcc (GCC) 4.4.7 20120313 (Red Hat 4.4.7-16)
Copyright (C) 2010 Free Software Foundation, Inc.
This is free software; see the source for copying conditions.  There is NO
warranty; not even for MERCHANTABILITY or FITNESS FOR A PARTICULAR PURPOSE.

configure:2388: $? = 0
configure:2377: gcc -v >&5
Using built-in specs.
Target: x86_64-redhat-linux
Configured with: ../configure --prefix=/usr --mandir=/usr/share/man --infodir=/usr/share/info --with-bugurl=http://bugzilla.redhat.com/bugzilla --enable-bootstrap --enable-shared --enable-threads=posix --enable-checking=release --with-system-zlib --enable-__cxa_atexit --disable-libunwind-exceptions --enable-gnu-unique-object --enable-languages=c,c++,objc,obj-c++,java,fortran,ada --enable-java-awt=gtk --disable-dssi --with-java-home=/usr/lib/jvm/java-1.5.0-gcj-1.5.0.0/jre --enable-libgcj-multifile --enable-java-maintainer-mode --with-ecj-jar=/usr/share/java/eclipse-ecj.jar --disable-libjava-multilib --with-ppl --with-cloog --with-tune=generic --with-arch_32=i686 --build=x86_64-redhat-linux
Thread model: posix
gcc version 4.4.7 20120313 (Red Hat 4.4.7-16) (GCC) 
configure:2388: $? = 0
configure:2377: gcc -V >&5
gcc: '-V' option must have argument
configure:2388: $? = 1
configure:2377: gcc -qversion >&5
gcc: unrecognized option '-qversion'
gcc: no input files
configure:2388: $? = 1
configure:2408: checking whether the C compiler works
configure:2430: gcc -g -O2 -fPIC  -I/usr/include/libxml2 -I$(top_srcdir)/iomedley -I${top_srcdir}/libltdl -I$(top_srcdir)/vicar   conftest.c  >&5
configure:2434: $? = 0
configure:2483: result: yes
configure:2486: checking for C compiler default output file name
configure:2488: result: a.out
configure:2494: checking for suffix of executables
configure:2501: gcc -o conftest -g -O2 -fPIC  -I/usr/include/libxml2 -I$(top_srcdir)/iomedley -I${top_srcdir}/libltdl -I$(top_srcdir)/vicar   conftest.c  >&5
configure:2505: $? = 0
configure:2527: result: 
configure:2549: checking whether we are cross compiling
configure:2557: gcc -o conftest -g -O2 -fPIC  -I/usr/include/libxml2 -I$(top_srcdir)/iomedley -I${top_srcdir}/libltdl -I$(top_srcdir)/vicar   conftest.c  >&5
configure:2561: $? = 0
configure:2568: ./conftest
configure:2572: $? = 0
configure:2587: result: no
configure:2592: checking for suffix of object files
configure:2614: gcc -c -g -O2 -fPIC  -I/usr/include/libxml2 -I$(top_srcdir)/iomedley -I${top_srcdir}/libltdl -I$(top_srcdir)/vicar  conftest.c >&5
configure:2618: $? = 0
configure:2639: result: o
configure:2643: checking whether we are using the GNU C compiler
configure:2662: gcc -c -g -O2 -fPIC  -I/usr/include/libxml2 -I$(top_srcdir)/iomedley -I${top_srcdir}/libltdl -I$(top_srcdir)/vicar  conftest.c >&5
configure:2662: $? = 0
configure:2671: result: yes
configure:2680: checking whether gcc accepts -g
configure:2700: gcc -c -g  conftest.c >&5
configure:2700: $? = 0
configure:2741: result: yes
configure:2758: checking for gcc option to accept ISO C89
configure:2822: gcc  -c -g -O2 -fPIC  -I/usr/include/libxml2 -I$(top_srcdir)/iomedley -I${top_srcdir}/libltdl -I$(top_srcdir)/vicar  conftest.c >&5
configure:2822: $? = 0
configure:2835: result: none needed
configure:2898: checking for ranlib
configure:2914: found /usr/bin/ranlib
configure:2925: result: ranlib
configure:2954: checking how to run the C preprocessor
configure:2985: gcc -E  conftest.c
configure:2985: $? = 0
configure:2999: gcc -E  conftest.c
conftest.c:9:28: error: ac_nonexistent.h: No such file or directory
configure:2999: $? = 1
configure: failed program was:
| /* confdefs.h */
| #define PACKAGE_NAME ""
| #define PACKAGE_TARNAME ""
| #define PACKAGE_VERSION ""
| #define PACKAGE_STRING ""
| #define PACKAGE_BUGREPORT ""
| #define PACKAGE_URL ""
| /* end confdefs.h.  */
| #include <ac_nonexistent.h>
configure:3024: result: gcc -E
configure:3044: gcc -E  conftest.c
configure:3044: $? = 0
configure:3058: gcc -E  conftest.c
conftest.c:9:28: error: ac_nonexistent.h: No such file or directory
configure:3058: $? = 1
configure: failed program was:
| /* confdefs.h */
| #define PACKAGE_NAME ""
| #define PACKAGE_TARNAME ""
| #define PACKAGE_VERSION ""
| #define PACKAGE_STRING ""
| #define PACKAGE_BUGREPORT ""
| #define PACKAGE_URL ""
| /* end confdefs.h.  */
| #include <ac_nonexistent.h>
configure:3087: checking for grep that handles long lines and -e
configure:3145: result: /bin/grep
configure:3150: checking for egrep
configure:3212: result: /bin/grep -E
configure:3217: checking for ANSI C header files
configure:3237: gcc -c -g -O2 -fPIC  -I/usr/include/libxml2 -I$(top_srcdir)/iomedley -I${top_srcdir}/libltdl -I$(top_srcdir)/vicar  conftest.c >&5
configure:3237: $? = 0
configure:3310: gcc -o conftest -g -O2 -fPIC  -I/usr/include/libxml2 -I$(top_srcdir)/iomedley -I${top_srcdir}/libltdl -I$(top_srcdir)/vicar   conftest.c  >&5
configure:3310: $? = 0
configure:3310: ./conftest
configure:3310: $? = 0
configure:3321: result: yes
configure:3334: checking for sys/types.h
configure:3334: gcc -c -g -O2 -fPIC  -I/usr/include/libxml2 -I$(top_srcdir)/iomedley -I${top_srcdir}/libltdl -I$(top_srcdir)/vicar  conftest.c >&5
configure:3334: $? = 0
configure:3334: result: yes
configure:3334: checking for sys/stat.h
configure:3334: gcc -c -g -O2 -fPIC  -I/usr/include/libxml2 -I$(top_srcdir)/iomedley -I${top_srcdir}/libltdl -I$(top_srcdir)/vicar  conftest.c >&5
configure:3334: $? = 0
configure:3334: result: yes
configure:3334: checking for stdlib.h
configure:3334: gcc -c -g -O2 -fPIC  -I/usr/include/libxml2 -I$(top_srcdir)/iomedley -I${top_srcdir}/libltdl -I$(top_srcdir)/vicar  conftest.c >&5
configure:3334: $? = 0
configure:3334: result: yes
configure:3334: checking for string.h
configure:3334: gcc -c -g -O2 -fPIC  -I/usr/include/libxml2 -I$(top_srcdir)/iomedley -I${top_srcdir}/libltdl -I$(top_srcdir)/vicar  conftest.c >&5
configure:3334: $? = 0
configure:3334: result: yes
configure:3334: checking for memory.h
configure:3334: gcc -c -g -O2 -fPIC  -I/usr/include/libxml2 -I$(top_srcdir)/iomedley -I${top_srcdir}/libltdl -I$(top_srcdir)/vicar  conftest.c >&5
configure:3334: $? = 0
configure:3334: result: yes
configure:3334: checking for strings.h
configure:3334: gcc -c -g -O2 -fPIC  -I/usr/include/libxml2 -I$(top_srcdir)/iomedley -I${top_srcdir}/libltdl -I$(top_srcdir)/vicar  conftest.c >&5
configure:3334: $? = 0
configure:3334: result: yes
configure:3334: checking for inttypes.h
configure:3334: gcc -c -g -O2 -fPIC  -I/usr/include/libxml2 -I$(top_srcdir)/iomedley -I${top_srcdir}/libltdl -I$(top_srcdir)/vicar  conftest.c >&5
configure:3334: $? = 0
configure:3334: result: yes
configure:3334: checking for stdint.h
configure:3334: gcc -c -g -O2 -fPIC  -I/usr/include/libxml2 -I$(top_srcdir)/iomedley -I${top_srcdir}/libltdl -I$(top_srcdir)/vicar  conftest.c >&5
configure:3334: $? = 0
configure:3334: result: yes
configure:3334: checking for unistd.h
configure:3334: gcc -c -g -O2 -fPIC  -I/usr/include/libxml2 -I$(top_srcdir)/iomedley -I${top_srcdir}/libltdl -I$(top_srcdir)/vicar  conftest.c >&5
configure:3334: $? = 0
configure:3334: result: yes
configure:3348: checking minix/config.h usability
configure:3348: gcc -c -g -O2 -fPIC  -I/usr/include/libxml2 -I$(top_srcdir)/iomedley -I${top_srcdir}/libltdl -I$(top_srcdir)/vicar  conftest.c >&5
conftest.c:52:26: error: minix/config.h: No such file or directory
configure:3348: $? = 1
configure: failed program was:
| /* confdefs.h */
| #define PACKAGE_NAME ""
| #define PACKAGE_TARNAME ""
| #define PACKAGE_VERSION ""
| #define PACKAGE_STRING ""
| #define PACKAGE_BUGREPORT ""
| #define PACKAGE_URL ""
| #define STDC_HEADERS 1
| #define HAVE_SYS_TYPES_H 1
| #define HAVE_SYS_STAT_H 1
| #define HAVE_STDLIB_H 1
| #define HAVE_STRING_H 1
| #define HAVE_MEMORY_H 1
| #define HAVE_STRINGS_H 1
| #define HAVE_INTTYPES_H 1
| #define HAVE_STDINT_H 1
| #define HAVE_UNISTD_H 1
| /* end confdefs.h.  */
| #include <stdio.h>
| #ifdef HAVE_SYS_TYPES_H
| # include <sys/types.h>
| #endif
| #ifdef HAVE_SYS_STAT_H
| # include <sys/stat.h>
| #endif
| #ifdef STDC_HEADERS
| # include <stdlib.h>
| # include <stddef.h>
| #else
| # ifdef HAVE_STDLIB_H
| #  include <stdlib.h>
| # endif
| #endif
| #ifdef HAVE_STRING_H
| # if !defined STDC_HEADERS && defined HAVE_MEMORY_H
| #  include <memory.h>
| # endif
| # include <string.h>
| #endif
| #ifdef HAVE_STRINGS_H
| # include <strings.h>
| #endif
| #ifdef HAVE_INTTYPES_H
| # include <inttypes.h>
| #endif
| #ifdef HAVE_STDINT_H
| # include <stdint.h>
| #endif
| #ifdef HAVE_UNISTD_H
| # include <unistd.h>
| #endif
| #include <minix/config.h>
configure:3348: result: no
configure:3348: checking minix/config.h presence
configure:3348: gcc -E  conftest.c
conftest.c:19:26: error: minix/config.h: No such file or directory
configure:3348: $? = 1
configure: failed program was:
| /* confdefs.h */
| #define PACKAGE_NAME ""
| #define PACKAGE_TARNAME ""
| #define PACKAGE_VERSION ""
| #define PACKAGE_STRING ""
| #define PACKAGE_BUGREPORT ""
| #define PACKAGE_URL ""
| #define STDC_HEADERS 1
| #define HAVE_SYS_TYPES_H 1
| #define HAVE_SYS_STAT_H 1
| #define HAVE_STDLIB_H 1
| #define HAVE_STRING_H 1
| #define HAVE_MEMORY_H 1
| #define HAVE_STRINGS_H 1
| #define HAVE_INTTYPES_H 1
| #define HAVE_STDINT_H 1
| #define HAVE_UNISTD_H 1
| /* end confdefs.h.  */
| #include <minix/config.h>
configure:3348: result: no
configure:3348: checking for minix/config.h
configure:3348: result: no
configure:3369: checking whether it is safe to define __EXTENSIONS__
configure:3387: gcc -c -g -O2 -fPIC  -I/usr/include/libxml2 -I$(top_srcdir)/iomedley -I${top_srcdir}/libltdl -I$(top_srcdir)/vicar  conftest.c >&5
configure:3387: $? = 0
configure:3394: result: yes
configure:3410: checking for X
configure:3549: gcc -o conftest -g -O2 -fPIC  -I/usr/include/libxml2 -I$(top_srcdir)/iomedley -I${top_srcdir}/libltdl -I$(top_srcdir)/vicar   conftest.c -lX11  >&5
configure:3549: $? = 0
configure:3599: result: libraries , headers 
configure:3603: checking for ANSI C header files
configure:3707: result: yes
configure:3717: checking fcntl.h usability
configure:3717: gcc -c -g -O2 -fPIC  -I/usr/include/libxml2 -I$(top_srcdir)/iomedley -I${top_srcdir}/libltdl -I$(top_srcdir)/vicar  conftest.c >&5
configure:3717: $? = 0
configure:3717: result: yes
configure:3717: checking fcntl.h presence
configure:3717: gcc -E  conftest.c
configure:3717: $? = 0
configure:3717: result: yes
configure:3717: checking for fcntl.h
configure:3717: result: yes
configure:3728: checking for an ANSI C-conforming const
configure:3793: gcc -c -g -O2 -fPIC  -I/usr/include/libxml2 -I$(top_srcdir)/iomedley -I${top_srcdir}/libltdl -I$(top_srcdir)/vicar  conftest.c >&5
configure:3793: $? = 0
configure:3800: result: yes
configure:3809: checking for working memcmp
configure:3852: gcc -o conftest -g -O2 -fPIC  -I/usr/include/libxml2 -I$(top_srcdir)/iomedley -I${top_srcdir}/libltdl -I$(top_srcdir)/vicar   conftest.c  >&5
configure:3852: $? = 0
configure:3852: ./conftest
configure:3852: $? = 0
configure:3862: result: yes
configure:3880: checking for vprintf
configure:3880: gcc -o conftest -g -O2 -fPIC  -I/usr/include/libxml2 -I$(top_srcdir)/iomedley -I${top_srcdir}/libltdl -I$(top_srcdir)/vicar   conftest.c  >&5
conftest.c:49: warning: conflicting types for built-in function 'vprintf'
configure:3880: $? = 0
configure:3880: result: yes
configure:3886: checking for _doprnt
configure:3886: gcc -o conftest -g -O2 -fPIC  -I/usr/include/libxml2 -I$(top_srcdir)/iomedley -I${top_srcdir}/libltdl -I$(top_srcdir)/vicar   conftest.c  >&5
/tmp/ccDtxwf9.o: In function `main':
/mars/u/rswinkle/workspace/davinci_github/iomedley/libgif/conftest.c:61: undefined reference to `_doprnt'
collect2: ld returned 1 exit status
configure:3886: $? = 1
configure: failed program was:
| /* confdefs.h */
| #define PACKAGE_NAME ""
| #define PACKAGE_TARNAME ""
| #define PACKAGE_VERSION ""
| #define PACKAGE_STRING ""
| #define PACKAGE_BUGREPORT ""
| #define PACKAGE_URL ""
| #define STDC_HEADERS 1
| #define HAVE_SYS_TYPES_H 1
| #define HAVE_SYS_STAT_H 1
| #define HAVE_STDLIB_H 1
| #define HAVE_STRING_H 1
| #define HAVE_MEMORY_H 1
| #define HAVE_STRINGS_H 1
| #define HAVE_INTTYPES_H 1
| #define HAVE_STDINT_H 1
| #define HAVE_UNISTD_H 1
| #define __EXTENSIONS__ 1
| #define _ALL_SOURCE 1
| #define _GNU_SOURCE 1
| #define _POSIX_PTHREAD_SEMANTICS 1
| #define _TANDEM_SOURCE 1
| #define STDC_HEADERS 1
| #define HAVE_FCNTL_H 1
| #define HAVE_VPRINTF 1
| /* end confdefs.h.  */
| /* Define _doprnt to an innocuous variant, in case <limits.h> declares _doprnt.
|    For example, HP-UX 11i <limits.h> declares gettimeofday.  */
| #define _doprnt innocuous__doprnt
| 
| /* System header to define __stub macros and hopefully few prototypes,
|     which can conflict with char _doprnt (); below.
|     Prefer <limits.h> to <assert.h> if __STDC__ is defined, since
|     <limits.h> exists even on freestanding compilers.  */
| 
| #ifdef __STDC__
| # include <limits.h>
| #else
| # include <assert.h>
| #endif
| 
| #undef _doprnt
| 
| /* Override any GCC internal prototype to avoid an error.
|    Use char because int might match the return type of a GCC
|    builtin and then its argument prototype would still apply.  */
| #ifdef __cplusplus
| extern "C"
| #endif
| char _doprnt ();
| /* The GNU C library defines this for functions which it implements
|     to always fail with ENOSYS.  Some functions are actually named
|     something starting with __ and the normal name is an alias.  */
| #if defined __stub__doprnt || defined __stub____doprnt
| choke me
| #endif
| 
| int
| main ()
| {
| return _doprnt ();
|   ;
|   return 0;
| }
configure:3886: result: no
configure:4041: creating ./config.status

## ---------------------- ##
## Running config.status. ##
## ---------------------- ##

This file was extended by config.status, which was
generated by GNU Autoconf 2.65.  Invocation command line was

  CONFIG_FILES    = 
  CONFIG_HEADERS  = 
  CONFIG_LINKS    = 
  CONFIG_COMMANDS = 
  $ ./config.status 

on seahorse

config.status:729: creating Makefile

## ---------------- ##
## Cache variables. ##
## ---------------- ##

ac_cv_c_compiler_gnu=yes
ac_cv_c_const=yes
ac_cv_env_CC_set=
ac_cv_env_CC_value=
ac_cv_env_CFLAGS_set=set
ac_cv_env_CFLAGS_value='-g -O2 -fPIC  -I/usr/include/libxml2 -I$(top_srcdir)/iomedley -I${top_srcdir}/libltdl -I$(top_srcdir)/vicar'
ac_cv_env_CPPFLAGS_set=
ac_cv_env_CPPFLAGS_value=
ac_cv_env_CPP_set=
ac_cv_env_CPP_value=
ac_cv_env_LDFLAGS_set=
ac_cv_env_LDFLAGS_value=
ac_cv_env_LIBS_set=
ac_cv_env_LIBS_value=
ac_cv_env_XMKMF_set=
ac_cv_env_XMKMF_value=
ac_cv_env_build_alias_set=
ac_cv_env_build_alias_value=
ac_cv_env_host_alias_set=
ac_cv_env_host_alias_value=
ac_cv_env_target_alias_set=
ac_cv_env_target_alias_value=
ac_cv_func__doprnt=no
ac_cv_func_memcmp_working=yes
ac_cv_func_setvbuf_reversed=no
ac_cv_func_vprintf=yes
ac_cv_have_x='have_x=yes	ac_x_includes='\'''\''	ac_x_libraries='\'''\'''
ac_cv_header_fcntl_h=yes
ac_cv_header_inttypes_h=yes
ac_cv_header_memory_h=yes
ac_cv_header_minix_config_h=no
ac_cv_header_stdc=yes
ac_cv_header_stdint_h=yes
ac_cv_header_stdlib_h=yes
ac_cv_header_string_h=yes
ac_cv_header_strings_h=yes
ac_cv_header_sys_stat_h=yes
ac_cv_header_sys_types_h=yes
ac_cv_header_unistd_h=yes
ac_cv_objext=o
ac_cv_path_EGREP='/bin/grep -E'
ac_cv_path_GREP=/bin/grep
ac_cv_prog_CPP='gcc -E'
ac_cv_prog_ac_ct_CC=gcc
ac_cv_prog_ac_ct_RANLIB=ranlib
ac_cv_prog_cc_c89=
ac_cv_prog_cc_g=yes
ac_cv_safe_to_define___extensions__=yes

## ----------------- ##
## Output variables. ##
## ----------------- ##

CC='gcc'
CFLAGS='-g -O2 -fPIC  -I/usr/include/libxml2 -I$(top_srcdir)/iomedley -I${top_srcdir}/libltdl -I$(top_srcdir)/vicar'
CPP='gcc -E'
CPPFLAGS=''
DEFS='-DPACKAGE_NAME=\"\" -DPACKAGE_TARNAME=\"\" -DPACKAGE_VERSION=\"\" -DPACKAGE_STRING=\"\" -DPACKAGE_BUGREPORT=\"\" -DPACKAGE_URL=\"\" -DSTDC_HEADERS=1 -DHAVE_SYS_TYPES_H=1 -DHAVE_SYS_STAT_H=1 -DHAVE_STDLIB_H=1 -DHAVE_STRING_H=1 -DHAVE_MEMORY_H=1 -DHAVE_STRINGS_H=1 -DHAVE_INTTYPES_H=1 -DHAVE_STDINT_H=1 -DHAVE_UNISTD_H=1 -D__EXTENSIONS__=1 -D_ALL_SOURCE=1 -D_GNU_SOURCE=1 -D_POSIX_PTHREAD_SEMANTICS=1 -D_TANDEM_SOURCE=1 -DSTDC_HEADERS=1 -DHAVE_FCNTL_H=1 -DHAVE_VPRINTF=1'
ECHO_C=''
ECHO_N='-n'
ECHO_T=''
EGREP='/bin/grep -E'
EXEEXT=''
GREP='/bin/grep'
LDFLAGS=''
LIBOBJS=''
LIBS=''
LTLIBOBJS=''
OBJEXT='o'
PACKAGE_BUGREPORT=''
PACKAGE_NAME=''
PACKAGE_STRING=''
PACKAGE_TARNAME=''
PACKAGE_URL=''
PACKAGE_VERSION=''
PATH_SEPARATOR=':'
RANLIB='ranlib'
SHELL='/bin/sh'
XMKMF=''
ac_ct_CC='gcc'
bindir='${exec_prefix}/bin'
build_alias=''
datadir='${datarootdir}'
datarootdir='${prefix}/share'
docdir='${datarootdir}/doc/${PACKAGE}'
dvidir='${docdir}'
exec_prefix='${prefix}'
host_alias=''
htmldir='${docdir}'
includedir='${prefix}/include'
infodir='${datarootdir}/info'
libdir='${exec_prefix}/lib'
libexecdir='${exec_prefix}/libexec'
localedir='${datarootdir}/locale'
localstatedir='${prefix}/var'
mandir='${datarootdir}/man'
oldincludedir='/usr/include'
pdfdir='${docdir}'
prefix='/usr/local'
program_transform_name='s,x,x,'
psdir='${docdir}'
sbindir='${exec_prefix}/sbin'
sharedstatedir='${prefix}/com'
sysconfdir='${prefix}/etc'
target_alias=''

## ----------- ##
## confdefs.h. ##
## ----------- ##

/* confdefs.h */
#define PACKAGE_NAME ""
#define PACKAGE_TARNAME ""
#define PACKAGE_VERSION ""
#define PACKAGE_STRING ""
#define PACKAGE_BUGREPORT ""
#define PACKAGE_URL ""
#define STDC_HEADERS 1
#define HAVE_SYS_TYPES_H 1
#define HAVE_SYS_STAT_H 1
#define HAVE_STDLIB_H 1
#define HAVE_STRING_H 1
#define HAVE_MEMORY_H 1
#define HAVE_STRINGS_H 1
#define HAVE_INTTYPES_H 1
#define HAVE_STDINT_H 1
#define HAVE_UNISTD_H 1
#define __EXTENSIONS__ 1
#define _ALL_SOURCE 1
#define _GNU_SOURCE 1
#define _POSIX_PTHREAD_SEMANTICS 1
#define _TANDEM_SOURCE 1
#define STDC_HEADERS 1
#define HAVE_FCNTL_H 1
#define HAVE_VPRINTF 1

configure: exit 0
