Object = cathist
  IsisVersion       = "3.3.0.3646 | 2011-09-19"
  ProgramVersion    = 2010-07-26
  ProgramPath       = /mars/common/isis3/3.3beta_64/isis/bin
  ExecutionDateTime = 2012-02-28T19:02:55
  HostName          = Unknown
  UserName          = randy
  Description       = "Outputs the history of a cube"

  Group = UserParameters
    FROM   = output.cub
    APPEND = TRUE
    MODE   = FULL
  End_Group

  Group = Accounting
    ConnectTime = 00:00:00.0
    CpuTime     = 00:00:00.0
  End_Group
End_Object


Object = cathist
  IsisVersion       = "3.3.0.3646 | 2011-09-19"
  ProgramVersion    = 2010-07-26
  ProgramPath       = /mars/common/isis3/3.3beta_64/isis/bin
  ExecutionDateTime = 2012-02-28T19:08:04
  HostName          = Unknown
  UserName          = randy
  Description       = "Outputs the history of a cube"

  Group = UserParameters
    FROM   = output.cub
    APPEND = TRUE
    MODE   = FULL
  End_Group

  Group = Accounting
    ConnectTime = 00:00:00.0
    CpuTime     = 00:00:00.0
  End_Group
End_Object


Object = cathist
  IsisVersion       = "3.3.0.3646 | 2011-09-19"
  ProgramVersion    = 2010-07-26
  ProgramPath       = /mars/common/isis3/3.3beta_64/isis/bin
  ExecutionDateTime = 2012-02-29T16:07:38
  HostName          = Unknown
  UserName          = randy
  Description       = "Outputs the history of a cube"

  Group = UserParameters
    FROM   = /tmp/junk23434323423423423.cub
    APPEND = TRUE
    MODE   = FULL
  End_Group

  Group = Accounting
    ConnectTime = 00:00:00.0
    CpuTime     = 00:00:00.0
  End_Group
End_Object


Object = thm2isis
  IsisVersion       = "3.3.0.3646 | 2011-09-19"
  ProgramVersion    = 2008-09-18
  ProgramPath       = /mars/common/isis3/3.3beta_64/isis/bin
  ExecutionDateTime = 2013-06-25T15:25:21
  HostName          = Unknown
  UserName          = randy
  Description       = "Import a Themis IR/VIS RDR or EDR"

  Group = UserParameters
    FROM       = I01001001EDR.QUB
    TO         = testedr.cub
    TIMEOFFSET = 0.0
  End_Group

  Group = Accounting
    ConnectTime = 00:00:06.0
    CpuTime     = 00:00:05.5
  End_Group
End_Object


Object = thm2isis
  IsisVersion       = "3.3.0.3646 | 2011-09-19"
  ProgramVersion    = 2008-09-18
  ProgramPath       = /mars/common/isis3/3.3beta_64/isis/bin
  ExecutionDateTime = 2013-06-25T15:27:49
  HostName          = Unknown
  UserName          = randy
  Description       = "Import a Themis IR/VIS RDR or EDR"

  Group = UserParameters
    FROM       = I01001001RDR.QUB
    TO         = testrdr.cub
    TIMEOFFSET = 0.0
  End_Group

  Group = Accounting
    ConnectTime = 00:00:06.0
    CpuTime     = 00:00:05.6
  End_Group
End_Object


Object = spiceinit
  IsisVersion       = "3.3.0.3646 | 2011-09-19"
  ProgramVersion    = 2011-10-05
  ProgramPath       = /mars/common/isis3/3.3beta_64/isis/bin
  ExecutionDateTime = 2013-06-25T16:10:15
  HostName          = Unknown
  UserName          = randy
  Description       = "Determine SPICE kernels for a camera cube"

  Group = UserParameters
    FROM         = testrdr.cub
    WEB          = false
    ATTACH       = TRUE
    CKSMITHED    = FALSE
    CKRECON      = TRUE
    CKPREDICTED  = FALSE
    CKNADIR      = FALSE
    SPKSMITHED   = FALSE
    SPKRECON     = TRUE
    SPKPREDICTED = FALSE
    SHAPE        = SYSTEM
    STARTPAD     = 0.0
    ENDPAD       = 0.0
    URL          = http://services.isis.astrogeology.usgs.gov/cgi-bin/spicein-
                   it.cgi
    PORT         = 80
  End_Group

  Group = Kernels
    NaifFrameCode             = -53031
    LeapSecond                = $base/kernels/lsk/naif0010.tls
    TargetAttitudeShape       = $base/kernels/pck/pck00009.tpc
    TargetPosition            = $base/kernels/spk/de405.bsp
    InstrumentPointing        = (/themis/naif/ck/m01_sc_map1_v2.bc,
                                 $odyssey/kernels/fk/m01_v29.tf)
    Instrument                = Null
    SpacecraftClock           = /themis/naif/data/ORB1_SCLKSCET.00200.tsc
    InstrumentPosition        = /themis/naif/spk/spk_m_od00890-01015_rec_v1.b-
                                sp
    InstrumentAddendum        = $odyssey/kernels/iak/themisAddendum003.ti
    ShapeModel                = $base/dems/molaMarsPlanetaryRadius0005.cub
    InstrumentPositionQuality = Reconstructed
    InstrumentPointingQuality = Reconstructed
    CameraVersion             = 2
  End_Group

  Group = Accounting
    ConnectTime = 00:00:02.0
    CpuTime     = 00:00:01.2
  End_Group
End_Object


